        -:    0:Source:dominion.c
        -:    0:Graph:dominion.gcno
        -:    0:Data:dominion.gcda
        -:    0:Runs:3
        -:    0:Programs:2
        -:    1:#include "dominion.h"
        -:    2:#include "dominion_helpers.h"
        -:    3:#include "rngs.h"
        -:    4:#include <stdio.h>
        -:    5:#include <math.h>
        -:    6:#include <stdlib.h>
        -:    7:
function compare called 90000 returned 100% blocks executed 83%
    90000:    8:int compare(const void* a, const void* b) {
    90000:    9:  if (*(int*)a > *(int*)b)
branch  0 taken 0% (fallthrough)
branch  1 taken 100%
    #####:   10:    return 1;
    90000:   11:  if (*(int*)a < *(int*)b)
branch  0 taken 27% (fallthrough)
branch  1 taken 73%
    24000:   12:    return -1;
    66000:   13:  return 0;
        -:   14:}
        -:   15:
function newGame called 6 returned 100% blocks executed 100%
        6:   16:struct gameState* newGame() {
        6:   17:  struct gameState* g = malloc(sizeof(struct gameState));
        6:   18:  return g;
        -:   19:}
        -:   20:
function kingdomCards called 0 returned 0% blocks executed 0%
    #####:   21:int* kingdomCards(int k1, int k2, int k3, int k4, int k5, int k6, int k7,
        -:   22:		  int k8, int k9, int k10) {
    #####:   23:  int* k = malloc(10 * sizeof(int));
    #####:   24:  k[0] = k1;
    #####:   25:  k[1] = k2;
    #####:   26:  k[2] = k3;
    #####:   27:  k[3] = k4;
    #####:   28:  k[4] = k5;
    #####:   29:  k[5] = k6;
    #####:   30:  k[6] = k7;
    #####:   31:  k[7] = k8;
    #####:   32:  k[8] = k9;
    #####:   33:  k[9] = k10;
    #####:   34:  return k;
        -:   35:}
        -:   36:
function initializeGame called 3000 returned 100% blocks executed 88%
     3000:   37:int initializeGame(int numPlayers, int kingdomCards[10], int randomSeed,
        -:   38:		   struct gameState *state) {
        -:   39:
        -:   40:  int i;
        -:   41:  int j;
        -:   42:  int it;			
        -:   43:  //set up random number generator
     3000:   44:  SelectStream(1);
call    0 returned 100%
     3000:   45:  PutSeed((long)randomSeed);
call    0 returned 100%
        -:   46:  
        -:   47:  //check number of players
     3000:   48:  if (numPlayers > MAX_PLAYERS || numPlayers < 2)
branch  0 taken 100% (fallthrough)
branch  1 taken 0%
branch  2 taken 0% (fallthrough)
branch  3 taken 100%
        -:   49:    {
    #####:   50:      return -1;
        -:   51:    }
        -:   52:
        -:   53:  //set number of players
     3000:   54:  state->numPlayers = numPlayers;
        -:   55:
        -:   56:  //check selected kingdom cards are different
    33000:   57:  for (i = 0; i < 10; i++)
branch  0 taken 91%
branch  1 taken 9% (fallthrough)
        -:   58:    {
   330000:   59:      for (j = 0; j < 10; j++)
branch  0 taken 91%
branch  1 taken 9% (fallthrough)
        -:   60:        {
   300000:   61:	  if (j != i && kingdomCards[j] == kingdomCards[i])
branch  0 taken 90% (fallthrough)
branch  1 taken 10%
branch  2 taken 0% (fallthrough)
branch  3 taken 100%
        -:   62:	    {
    #####:   63:	      return -1;
        -:   64:	    }
        -:   65:        }
        -:   66:    }
        -:   67:
        -:   68:
        -:   69:  //initialize supply
        -:   70:  ///////////////////////////////
        -:   71:
        -:   72:  //set number of Curse cards
     3000:   73:  if (numPlayers == 2)
branch  0 taken 100% (fallthrough)
branch  1 taken 0%
        -:   74:    {
     3000:   75:      state->supplyCount[curse] = 10;
        -:   76:    }
    #####:   77:  else if (numPlayers == 3)
branch  0 never executed
branch  1 never executed
        -:   78:    {
    #####:   79:      state->supplyCount[curse] = 20;
        -:   80:    }
        -:   81:  else
        -:   82:    {
    #####:   83:      state->supplyCount[curse] = 30;
        -:   84:    }
        -:   85:
        -:   86:  //set number of Victory cards
     3000:   87:  if (numPlayers == 2)
branch  0 taken 100% (fallthrough)
branch  1 taken 0%
        -:   88:    {
     3000:   89:      state->supplyCount[estate] = 8;
     3000:   90:      state->supplyCount[duchy] = 8;
     3000:   91:      state->supplyCount[province] = 8;
        -:   92:    }
        -:   93:  else
        -:   94:    {
    #####:   95:      state->supplyCount[estate] = 12;
    #####:   96:      state->supplyCount[duchy] = 12;
    #####:   97:      state->supplyCount[province] = 12;
        -:   98:    }
        -:   99:
        -:  100:  //set number of Treasure cards
     3000:  101:  state->supplyCount[copper] = 60 - (7 * numPlayers);
     3000:  102:  state->supplyCount[silver] = 40;
     3000:  103:  state->supplyCount[gold] = 30;
        -:  104:
        -:  105:  //set number of Kingdom cards
    63000:  106:  for (i = adventurer; i <= treasure_map; i++)       	//loop all cards
branch  0 taken 95%
branch  1 taken 5% (fallthrough)
        -:  107:    {
   495000:  108:      for (j = 0; j < 10; j++)           		//loop chosen cards
branch  0 taken 94%
branch  1 taken 6% (fallthrough)
        -:  109:	{
   465000:  110:	  if (kingdomCards[j] == i)
branch  0 taken 6% (fallthrough)
branch  1 taken 94%
        -:  111:	    {
        -:  112:	      //check if card is a 'Victory' Kingdom card
    30000:  113:	      if (kingdomCards[j] == great_hall || kingdomCards[j] == gardens)
branch  0 taken 100% (fallthrough)
branch  1 taken 0%
branch  2 taken 10% (fallthrough)
branch  3 taken 90%
        -:  114:		{
     6000:  115:		  if (numPlayers == 2){ 
branch  0 taken 100% (fallthrough)
branch  1 taken 0%
     3000:  116:		    state->supplyCount[i] = 8; 
        -:  117:		  }
    #####:  118:		  else{ state->supplyCount[i] = 12; }
        -:  119:		}
        -:  120:	      else
        -:  121:		{
    27000:  122:		  state->supplyCount[i] = 10;
        -:  123:		}
    30000:  124:	      break;
        -:  125:	    }
        -:  126:	  else    //card is not in the set choosen for the game
        -:  127:	    {
   435000:  128:	      state->supplyCount[i] = -1;
        -:  129:	    }
        -:  130:	}
        -:  131:
        -:  132:    }
        -:  133:
        -:  134:  ////////////////////////
        -:  135:  //supply intilization complete
        -:  136:
        -:  137:  //set player decks
     9000:  138:  for (i = 0; i < numPlayers; i++)
branch  0 taken 67%
branch  1 taken 33% (fallthrough)
        -:  139:    {
     6000:  140:      state->deckCount[i] = 0;
    24000:  141:      for (j = 0; j < 3; j++)
branch  0 taken 75%
branch  1 taken 25% (fallthrough)
        -:  142:	{
    18000:  143:	  state->deck[i][j] = estate;
    18000:  144:	  state->deckCount[i]++;
        -:  145:	}
    48000:  146:      for (j = 3; j < 10; j++)
branch  0 taken 88%
branch  1 taken 13% (fallthrough)
        -:  147:	{
    42000:  148:	  state->deck[i][j] = copper;
    42000:  149:	  state->deckCount[i]++;		
        -:  150:	}
        -:  151:    }
        -:  152:
        -:  153:  //shuffle player decks
     9000:  154:  for (i = 0; i < numPlayers; i++)
branch  0 taken 67%
branch  1 taken 33% (fallthrough)
        -:  155:    {
     6000:  156:      if ( shuffle(i, state) < 0 )
call    0 returned 100%
branch  1 taken 0% (fallthrough)
branch  2 taken 100%
        -:  157:	{
    #####:  158:	  return -1;
        -:  159:	}
        -:  160:    }
        -:  161:
        -:  162:  //draw player hands
     9000:  163:  for (i = 0; i < numPlayers; i++)
branch  0 taken 67%
branch  1 taken 33% (fallthrough)
        -:  164:    {  
        -:  165:      //initialize hand size to zero
     6000:  166:      state->handCount[i] = 0;
     6000:  167:      state->discardCount[i] = 0;
        -:  168:      //draw 5 cards
        -:  169:      // for (j = 0; j < 5; j++)
        -:  170:      //	{
        -:  171:      //	  drawCard(i, state);
        -:  172:      //	}
        -:  173:    }
        -:  174:  
        -:  175:  //set embargo tokens to 0 for all supply piles
    84000:  176:  for (i = 0; i <= treasure_map; i++)
branch  0 taken 96%
branch  1 taken 4% (fallthrough)
        -:  177:    {
    81000:  178:      state->embargoTokens[i] = 0;
        -:  179:    }
        -:  180:
        -:  181:  //initialize first player's turn
     3000:  182:  state->outpostPlayed = 0;
     3000:  183:  state->phase = 0;
     3000:  184:  state->numActions = 1;
     3000:  185:  state->numBuys = 1;
     3000:  186:  state->playedCardCount = 0;
     3000:  187:  state->whoseTurn = 0;
     3000:  188:  state->handCount[state->whoseTurn] = 0;
        -:  189:  //int it; move to top
        -:  190:
        -:  191:  //Moved draw cards to here, only drawing at the start of a turn
    18000:  192:  for (it = 0; it < 5; it++){
branch  0 taken 83%
branch  1 taken 17% (fallthrough)
    15000:  193:    drawCard(state->whoseTurn, state);
call    0 returned 100%
        -:  194:  }
        -:  195:
     3000:  196:  updateCoins(state->whoseTurn, state, 0);
call    0 returned 100%
        -:  197:
     3000:  198:  return 0;
        -:  199:}
        -:  200:
function shuffle called 6000 returned 100% blocks executed 94%
     6000:  201:int shuffle(int player, struct gameState *state) {
        -:  202: 
        -:  203:
        -:  204:  int newDeck[MAX_DECK];
     6000:  205:  int newDeckPos = 0;
        -:  206:  int card;
        -:  207:  int i;
        -:  208:
     6000:  209:  if (state->deckCount[player] < 1)
branch  0 taken 0% (fallthrough)
branch  1 taken 100%
    #####:  210:    return -1;
     6000:  211:  qsort ((void*)(state->deck[player]), state->deckCount[player], sizeof(int), compare); 
call    0 returned 100%
        -:  212:  /* SORT CARDS IN DECK TO ENSURE DETERMINISM! */
        -:  213:
    72000:  214:  while (state->deckCount[player] > 0) {
branch  0 taken 91%
branch  1 taken 9% (fallthrough)
    60000:  215:    card = floor(Random() * state->deckCount[player]);
call    0 returned 100%
    60000:  216:    newDeck[newDeckPos] = state->deck[player][card];
    60000:  217:    newDeckPos++;
   207003:  218:    for (i = card; i < state->deckCount[player]-1; i++) {
branch  0 taken 71%
branch  1 taken 29% (fallthrough)
   147003:  219:      state->deck[player][i] = state->deck[player][i+1];
        -:  220:    }
    60000:  221:    state->deckCount[player]--;
        -:  222:  }
    66000:  223:  for (i = 0; i < newDeckPos; i++) {
branch  0 taken 91%
branch  1 taken 9% (fallthrough)
    60000:  224:    state->deck[player][i] = newDeck[i];
    60000:  225:    state->deckCount[player]++;
        -:  226:  }
        -:  227:
     6000:  228:  return 0;
        -:  229:}
        -:  230:
function playCard called 0 returned 0% blocks executed 0%
    #####:  231:int playCard(int handPos, int choice1, int choice2, int choice3, struct gameState *state) 
        -:  232:{	
        -:  233:  int card;
    #####:  234:  int coin_bonus = 0; 		//tracks coins gain from actions
        -:  235:
        -:  236:  //check if it is the right phase
    #####:  237:  if (state->phase != 0)
branch  0 never executed
branch  1 never executed
        -:  238:    {
    #####:  239:      return -1;
        -:  240:    }
        -:  241:	
        -:  242:  //check if player has enough actions
    #####:  243:  if ( state->numActions < 1 )
branch  0 never executed
branch  1 never executed
        -:  244:    {
    #####:  245:      return -1;
        -:  246:    }
        -:  247:	
        -:  248:  //get card played
    #####:  249:  card = handCard(handPos, state);
call    0 never executed
        -:  250:	
        -:  251:  //check if selected card is an action
    #####:  252:  if ( card < adventurer || card > treasure_map )
branch  0 never executed
branch  1 never executed
branch  2 never executed
branch  3 never executed
        -:  253:    {
    #####:  254:      return -1;
        -:  255:    }
        -:  256:	
        -:  257:  //play card
    #####:  258:  if ( cardEffect(card, choice1, choice2, choice3, state, handPos, &coin_bonus) < 0 )
call    0 never executed
branch  1 never executed
branch  2 never executed
        -:  259:    {
    #####:  260:      return -1;
        -:  261:    }
        -:  262:	
        -:  263:  //reduce number of actions
    #####:  264:  state->numActions--;
        -:  265:
        -:  266:  //update coins (Treasure cards may be added with card draws)
    #####:  267:  updateCoins(state->whoseTurn, state, coin_bonus);
call    0 never executed
        -:  268:	
    #####:  269:  return 0;
        -:  270:}
        -:  271:
function buyCard called 0 returned 0% blocks executed 0%
    #####:  272:int buyCard(int supplyPos, struct gameState *state) {
        -:  273:  int who;
        -:  274:  if (DEBUG){
        -:  275:    printf("Entering buyCard...\n");
        -:  276:  }
        -:  277:
        -:  278:  // I don't know what to do about the phase thing.
        -:  279:
    #####:  280:  who = state->whoseTurn;
        -:  281:
    #####:  282:  if (state->numBuys < 1){
branch  0 never executed
branch  1 never executed
        -:  283:    if (DEBUG)
        -:  284:      printf("You do not have any buys left\n");
    #####:  285:    return -1;
    #####:  286:  } else if (supplyCount(supplyPos, state) <1){
call    0 never executed
branch  1 never executed
branch  2 never executed
        -:  287:    if (DEBUG)
        -:  288:      printf("There are not any of that type of card left\n");
    #####:  289:    return -1;
    #####:  290:  } else if (state->coins < getCost(supplyPos)){
call    0 never executed
branch  1 never executed
branch  2 never executed
        -:  291:    if (DEBUG) 
        -:  292:      printf("You do not have enough money to buy that. You have %d coins.\n", state->coins);
    #####:  293:    return -1;
        -:  294:  } else {
    #####:  295:    state->phase=1;
        -:  296:    //state->supplyCount[supplyPos]--;
    #####:  297:    gainCard(supplyPos, state, 0, who); //card goes in discard, this might be wrong.. (2 means goes into hand, 0 goes into discard)
call    0 never executed
        -:  298:  
    #####:  299:    state->coins = (state->coins) - (getCost(supplyPos));
call    0 never executed
    #####:  300:    state->numBuys--;
        -:  301:    if (DEBUG)
        -:  302:      printf("You bought card number %d for %d coins. You now have %d buys and %d coins.\n", supplyPos, getCost(supplyPos), state->numBuys, state->coins);
        -:  303:  }
        -:  304:
        -:  305:  //state->discard[who][state->discardCount[who]] = supplyPos;
        -:  306:  //state->discardCount[who]++;
        -:  307:    
    #####:  308:  return 0;
        -:  309:}
        -:  310:
function numHandCards called 6000 returned 100% blocks executed 100%
     6000:  311:int numHandCards(struct gameState *state) {
     6000:  312:  return state->handCount[ whoseTurn(state) ];
call    0 returned 100%
        -:  313:}
        -:  314:
function handCard called 0 returned 0% blocks executed 0%
    #####:  315:int handCard(int handPos, struct gameState *state) {
    #####:  316:  int currentPlayer = whoseTurn(state);
call    0 never executed
    #####:  317:  return state->hand[currentPlayer][handPos];
        -:  318:}
        -:  319:
function supplyCount called 0 returned 0% blocks executed 0%
    #####:  320:int supplyCount(int card, struct gameState *state) {
    #####:  321:  return state->supplyCount[card];
        -:  322:}
        -:  323:
function fullDeckCount called 0 returned 0% blocks executed 0%
    #####:  324:int fullDeckCount(int player, int card, struct gameState *state) {
        -:  325:  int i;
    #####:  326:  int count = 0;
        -:  327:
    #####:  328:  for (i = 0; i < state->deckCount[player]; i++)
branch  0 never executed
branch  1 never executed
        -:  329:    {
    #####:  330:      if (state->deck[player][i] == card) count++;
branch  0 never executed
branch  1 never executed
        -:  331:    }
        -:  332:
    #####:  333:  for (i = 0; i < state->handCount[player]; i++)
branch  0 never executed
branch  1 never executed
        -:  334:    {
    #####:  335:      if (state->hand[player][i] == card) count++;
branch  0 never executed
branch  1 never executed
        -:  336:    }
        -:  337:
    #####:  338:  for (i = 0; i < state->discardCount[player]; i++)
branch  0 never executed
branch  1 never executed
        -:  339:    {
    #####:  340:      if (state->discard[player][i] == card) count++;
branch  0 never executed
branch  1 never executed
        -:  341:    }
        -:  342:
    #####:  343:  return count;
        -:  344:}
        -:  345:
function whoseTurn called 6000 returned 100% blocks executed 100%
     6000:  346:int whoseTurn(struct gameState *state) {
     6000:  347:  return state->whoseTurn;
        -:  348:}
        -:  349:
function endTurn called 0 returned 0% blocks executed 0%
    #####:  350:int endTurn(struct gameState *state) {
        -:  351:  int k;
        -:  352:  int i;
    #####:  353:  int currentPlayer = whoseTurn(state);
call    0 never executed
        -:  354:  
        -:  355:  //Discard hand
    #####:  356:  for (i = 0; i < state->handCount[currentPlayer]; i++){
branch  0 never executed
branch  1 never executed
    #####:  357:    state->discard[currentPlayer][state->discardCount[currentPlayer]++] = state->hand[currentPlayer][i];//Discard
    #####:  358:    state->hand[currentPlayer][i] = -1;//Set card to -1
        -:  359:  }
    #####:  360:  state->handCount[currentPlayer] = 0;//Reset hand count
        -:  361:    
        -:  362:  //Code for determining the player
    #####:  363:  if (currentPlayer < (state->numPlayers - 1)){ 
branch  0 never executed
branch  1 never executed
    #####:  364:    state->whoseTurn = currentPlayer + 1;//Still safe to increment
        -:  365:  }
        -:  366:  else{
    #####:  367:    state->whoseTurn = 0;//Max player has been reached, loop back around to player 1
        -:  368:  }
        -:  369:
    #####:  370:  state->outpostPlayed = 0;
    #####:  371:  state->phase = 0;
    #####:  372:  state->numActions = 1;
    #####:  373:  state->coins = 0;
    #####:  374:  state->numBuys = 1;
    #####:  375:  state->playedCardCount = 0;
    #####:  376:  state->handCount[state->whoseTurn] = 0;
        -:  377:
        -:  378:  //int k; move to top
        -:  379:  //Next player draws hand
    #####:  380:  for (k = 0; k < 5; k++){
branch  0 never executed
branch  1 never executed
    #####:  381:    drawCard(state->whoseTurn, state);//Draw a card
call    0 never executed
        -:  382:  }
        -:  383:
        -:  384:  //Update money
    #####:  385:  updateCoins(state->whoseTurn, state , 0);
call    0 never executed
        -:  386:
    #####:  387:  return 0;
        -:  388:}
        -:  389:
function isGameOver called 0 returned 0% blocks executed 0%
    #####:  390:int isGameOver(struct gameState *state) {
        -:  391:  int i;
        -:  392:  int j;
        -:  393:	
        -:  394:  //if stack of Province cards is empty, the game ends
    #####:  395:  if (state->supplyCount[province] == 0)
branch  0 never executed
branch  1 never executed
        -:  396:    {
    #####:  397:      return 1;
        -:  398:    }
        -:  399:
        -:  400:  //if three supply pile are at 0, the game ends
    #####:  401:  j = 0;
    #####:  402:  for (i = 0; i < 25; i++)
branch  0 never executed
branch  1 never executed
        -:  403:    {
    #####:  404:      if (state->supplyCount[i] == 0)
branch  0 never executed
branch  1 never executed
        -:  405:	{
    #####:  406:	  j++;
        -:  407:	}
        -:  408:    }
    #####:  409:  if ( j >= 3)
branch  0 never executed
branch  1 never executed
        -:  410:    {
    #####:  411:      return 1;
        -:  412:    }
        -:  413:
    #####:  414:  return 0;
        -:  415:}
        -:  416:
function scoreFor called 0 returned 0% blocks executed 0%
    #####:  417:int scoreFor (int player, struct gameState *state) {
        -:  418:
        -:  419:  int i;
    #####:  420:  int score = 0;
        -:  421:  //score from hand
    #####:  422:  for (i = 0; i < state->handCount[player]; i++)
branch  0 never executed
branch  1 never executed
        -:  423:    {
    #####:  424:      if (state->hand[player][i] == curse) { score = score - 1; };
branch  0 never executed
branch  1 never executed
    #####:  425:      if (state->hand[player][i] == estate) { score = score + 1; };
branch  0 never executed
branch  1 never executed
    #####:  426:      if (state->hand[player][i] == duchy) { score = score + 3; };
branch  0 never executed
branch  1 never executed
    #####:  427:      if (state->hand[player][i] == province) { score = score + 6; };
branch  0 never executed
branch  1 never executed
    #####:  428:      if (state->hand[player][i] == great_hall) { score = score + 1; };
branch  0 never executed
branch  1 never executed
    #####:  429:      if (state->hand[player][i] == gardens) { score = score + ( fullDeckCount(player, 0, state) / 10 ); };
branch  0 never executed
branch  1 never executed
call    2 never executed
        -:  430:    }
        -:  431:
        -:  432:  //score from discard
    #####:  433:  for (i = 0; i < state->discardCount[player]; i++)
branch  0 never executed
branch  1 never executed
        -:  434:    {
    #####:  435:      if (state->discard[player][i] == curse) { score = score - 1; };
branch  0 never executed
branch  1 never executed
    #####:  436:      if (state->discard[player][i] == estate) { score = score + 1; };
branch  0 never executed
branch  1 never executed
    #####:  437:      if (state->discard[player][i] == duchy) { score = score + 3; };
branch  0 never executed
branch  1 never executed
    #####:  438:      if (state->discard[player][i] == province) { score = score + 6; };
branch  0 never executed
branch  1 never executed
    #####:  439:      if (state->discard[player][i] == great_hall) { score = score + 1; };
branch  0 never executed
branch  1 never executed
    #####:  440:      if (state->discard[player][i] == gardens) { score = score + ( fullDeckCount(player, 0, state) / 10 ); };
branch  0 never executed
branch  1 never executed
call    2 never executed
        -:  441:    }
        -:  442:
        -:  443:  //score from deck
    #####:  444:  for (i = 0; i < state->discardCount[player]; i++)
branch  0 never executed
branch  1 never executed
        -:  445:    {
    #####:  446:      if (state->deck[player][i] == curse) { score = score - 1; };
branch  0 never executed
branch  1 never executed
    #####:  447:      if (state->deck[player][i] == estate) { score = score + 1; };
branch  0 never executed
branch  1 never executed
    #####:  448:      if (state->deck[player][i] == duchy) { score = score + 3; };
branch  0 never executed
branch  1 never executed
    #####:  449:      if (state->deck[player][i] == province) { score = score + 6; };
branch  0 never executed
branch  1 never executed
    #####:  450:      if (state->deck[player][i] == great_hall) { score = score + 1; };
branch  0 never executed
branch  1 never executed
    #####:  451:      if (state->deck[player][i] == gardens) { score = score + ( fullDeckCount(player, 0, state) / 10 ); };
branch  0 never executed
branch  1 never executed
call    2 never executed
        -:  452:    }
        -:  453:
    #####:  454:  return score;
        -:  455:}
        -:  456:
function getWinners called 0 returned 0% blocks executed 0%
    #####:  457:int getWinners(int players[MAX_PLAYERS], struct gameState *state) {
        -:  458:  int i;	
        -:  459:  int j;
        -:  460:  int highScore;
        -:  461:  int currentPlayer;
        -:  462:
        -:  463:  //get score for each player
    #####:  464:  for (i = 0; i < MAX_PLAYERS; i++)
branch  0 never executed
branch  1 never executed
        -:  465:    {
        -:  466:      //set unused player scores to -9999
    #####:  467:      if (i >= state->numPlayers)
branch  0 never executed
branch  1 never executed
        -:  468:	{
    #####:  469:	  players[i] = -9999;
        -:  470:	}
        -:  471:      else
        -:  472:	{
    #####:  473:	  players[i] = scoreFor (i, state);
call    0 never executed
        -:  474:	}
        -:  475:    }
        -:  476:
        -:  477:  //find highest score
    #####:  478:  j = 0;
    #####:  479:  for (i = 0; i < MAX_PLAYERS; i++)
branch  0 never executed
branch  1 never executed
        -:  480:    {
    #####:  481:      if (players[i] > players[j])
branch  0 never executed
branch  1 never executed
        -:  482:	{
    #####:  483:	  j = i;
        -:  484:	}
        -:  485:    }
    #####:  486:  highScore = players[j];
        -:  487:
        -:  488:  //add 1 to players who had less turns
    #####:  489:  currentPlayer = whoseTurn(state);
call    0 never executed
    #####:  490:  for (i = 0; i < MAX_PLAYERS; i++)
branch  0 never executed
branch  1 never executed
        -:  491:    {
    #####:  492:      if ( players[i] == highScore && i > currentPlayer )
branch  0 never executed
branch  1 never executed
branch  2 never executed
branch  3 never executed
        -:  493:	{
    #####:  494:	  players[i]++;
        -:  495:	}
        -:  496:    }
        -:  497:
        -:  498:  //find new highest score
    #####:  499:  j = 0;
    #####:  500:  for (i = 0; i < MAX_PLAYERS; i++)
branch  0 never executed
branch  1 never executed
        -:  501:    {
    #####:  502:      if ( players[i] > players[j] )
branch  0 never executed
branch  1 never executed
        -:  503:	{
    #####:  504:	  j = i;
        -:  505:	}
        -:  506:    }
    #####:  507:  highScore = players[j];
        -:  508:
        -:  509:  //set winners in array to 1 and rest to 0
    #####:  510:  for (i = 0; i < MAX_PLAYERS; i++)
branch  0 never executed
branch  1 never executed
        -:  511:    {
    #####:  512:      if ( players[i] == highScore )
branch  0 never executed
branch  1 never executed
        -:  513:	{
    #####:  514:	  players[i] = 1;
        -:  515:	}
        -:  516:      else
        -:  517:	{
    #####:  518:	  players[i] = 0;
        -:  519:	}
        -:  520:    }
        -:  521:
    #####:  522:  return 0;
        -:  523:}
        -:  524:
function drawCard called 21000 returned 100% blocks executed 38%
    21000:  525:int drawCard(int player, struct gameState *state)
        -:  526:{	int count;
        -:  527:  int deckCounter;
    21000:  528:  if (state->deckCount[player] <= 0){//Deck is empty
branch  0 taken 0% (fallthrough)
branch  1 taken 100%
        -:  529:    
        -:  530:    //Step 1 Shuffle the discard pile back into a deck
        -:  531:    int i;
        -:  532:    //Move discard to deck
    #####:  533:    for (i = 0; i < state->discardCount[player];i++){
branch  0 never executed
branch  1 never executed
    #####:  534:      state->deck[player][i] = state->discard[player][i];
    #####:  535:      state->discard[player][i] = -1;
        -:  536:    }
        -:  537:
    #####:  538:    state->deckCount[player] = state->discardCount[player];
    #####:  539:    state->discardCount[player] = 0;//Reset discard
        -:  540:
        -:  541:    //Shufffle the deck
    #####:  542:    shuffle(player, state);//Shuffle the deck up and make it so that we can draw
call    0 never executed
        -:  543:   
        -:  544:    if (DEBUG){//Debug statements
        -:  545:      printf("Deck count now: %d\n", state->deckCount[player]);
        -:  546:    }
        -:  547:    
    #####:  548:    state->discardCount[player] = 0;
        -:  549:
        -:  550:    //Step 2 Draw Card
    #####:  551:    count = state->handCount[player];//Get current player's hand count
        -:  552:    
        -:  553:    if (DEBUG){//Debug statements
        -:  554:      printf("Current hand count: %d\n", count);
        -:  555:    }
        -:  556:    
    #####:  557:    deckCounter = state->deckCount[player];//Create a holder for the deck count
        -:  558:
    #####:  559:    if (deckCounter == 0)
branch  0 never executed
branch  1 never executed
    #####:  560:      return -1;
        -:  561:
    #####:  562:    state->hand[player][count] = state->deck[player][deckCounter - 1];//Add card to hand
    #####:  563:    state->deckCount[player]--;
    #####:  564:    state->handCount[player]++;//Increment hand count
        -:  565:  }
        -:  566:
        -:  567:  else{
    21000:  568:    int count = state->handCount[player];//Get current hand count for player
        -:  569:    int deckCounter;
        -:  570:    if (DEBUG){//Debug statements
        -:  571:      printf("Current hand count: %d\n", count);
        -:  572:    }
        -:  573:
    21000:  574:    deckCounter = state->deckCount[player];//Create holder for the deck count
    21000:  575:    state->hand[player][count] = state->deck[player][deckCounter - 1];//Add card to the hand
    21000:  576:    state->deckCount[player]--;
    21000:  577:    state->handCount[player]++;//Increment hand count
        -:  578:  }
        -:  579:
    21000:  580:  return 0;
        -:  581:}
        -:  582:
function getCost called 0 returned 0% blocks executed 0%
    #####:  583:int getCost(int cardNumber)
        -:  584:{
    #####:  585:  switch( cardNumber ) 
branch  0 never executed
branch  1 never executed
branch  2 never executed
branch  3 never executed
branch  4 never executed
branch  5 never executed
branch  6 never executed
branch  7 never executed
branch  8 never executed
branch  9 never executed
branch 10 never executed
branch 11 never executed
branch 12 never executed
branch 13 never executed
branch 14 never executed
branch 15 never executed
branch 16 never executed
branch 17 never executed
branch 18 never executed
branch 19 never executed
branch 20 never executed
branch 21 never executed
branch 22 never executed
branch 23 never executed
branch 24 never executed
branch 25 never executed
branch 26 never executed
branch 27 never executed
        -:  586:    {
        -:  587:    case curse:
    #####:  588:      return 0;
        -:  589:    case estate:
    #####:  590:      return 2;
        -:  591:    case duchy:
    #####:  592:      return 5;
        -:  593:    case province:
    #####:  594:      return 8;
        -:  595:    case copper:
    #####:  596:      return 0;
        -:  597:    case silver:
    #####:  598:      return 3;
        -:  599:    case gold:
    #####:  600:      return 6;
        -:  601:    case adventurer:
    #####:  602:      return 6;
        -:  603:    case council_room:
    #####:  604:      return 5;
        -:  605:    case feast:
    #####:  606:      return 4;
        -:  607:    case gardens:
    #####:  608:      return 4;
        -:  609:    case mine:
    #####:  610:      return 5;
        -:  611:    case remodel:
    #####:  612:      return 4;
        -:  613:    case smithy:
    #####:  614:      return 4;
        -:  615:    case village:
    #####:  616:      return 3;
        -:  617:    case baron:
    #####:  618:      return 4;
        -:  619:    case great_hall:
    #####:  620:      return 3;
        -:  621:    case minion:
    #####:  622:      return 5;
        -:  623:    case steward:
    #####:  624:      return 3;
        -:  625:    case tribute:
    #####:  626:      return 5;
        -:  627:    case ambassador:
    #####:  628:      return 3;
        -:  629:    case cutpurse:
    #####:  630:      return 4;
        -:  631:    case embargo: 
    #####:  632:      return 2;
        -:  633:    case outpost:
    #####:  634:      return 5;
        -:  635:    case salvager:
    #####:  636:      return 4;
        -:  637:    case sea_hag:
    #####:  638:      return 4;
        -:  639:    case treasure_map:
    #####:  640:      return 4;
        -:  641:    }
        -:  642:	
    #####:  643:  return -1;
        -:  644:}
        -:  645:
        -:  646://                     //
        -:  647:// adventurer Function //
        -:  648://                     //
        -:  649:
function adventurer_card called 1000 returned 100% blocks executed 47%
     1000:  650:int adventurer_card(struct gameState *state, int currentPlayer, int drawnTreasure, int cardDrawn, int temphand[], int z)
        -:  651:{
     2000:  652:    while(drawnTreasure<2){
branch  0 taken 0%
branch  1 taken 100% (fallthrough)
    #####:  653:    if (state->deckCount[currentPlayer] <1){//if the deck is empty we need to shuffle discard and add to deck
branch  0 never executed
branch  1 never executed
    #####:  654:        shuffle(currentPlayer, state);
call    0 never executed
        -:  655:    }
    #####:  656:    drawCard(currentPlayer, state);
call    0 never executed
    #####:  657:    cardDrawn = state->hand[currentPlayer][state->handCount[currentPlayer]-1];//top card of hand is most recently drawn card.
    #####:  658:    if (cardDrawn == copper && cardDrawn == silver && cardDrawn == gold)
branch  0 never executed
branch  1 never executed
branch  2 never executed
branch  3 never executed
branch  4 never executed
branch  5 never executed
    #####:  659:        drawnTreasure++;
        -:  660:    else{
    #####:  661:        temphand[z]=cardDrawn;
    #####:  662:        state->handCount[currentPlayer]--; //this should just remove the top card (the most recently drawn one).
    #####:  663:        z++;
        -:  664:    }
        -:  665:}
     7477:  666:    while(z-1>=0){
branch  0 taken 85%
branch  1 taken 15% (fallthrough)
     5477:  667:        state->discard[currentPlayer][state->discardCount[currentPlayer]++]=temphand[z-1]; // discard all cards in play that have been drawn
     5477:  668:        z=z-1;
        -:  669:    }
     1000:  670:    return 0;
        -:  671:    
        -:  672:}
        -:  673:
        -:  674://                       //
        -:  675:// Council Room Function //
        -:  676://                       //
        -:  677:
function council_room_card called 0 returned 0% blocks executed 0%
    #####:  678:int council_room_card(struct gameState *state, int currentPlayer, int handPos)
        -:  679:{
        -:  680:    //+4 Cards
    #####:  681:    int i = 0;
    #####:  682:    for (i = 10; i > 4; i--)
branch  0 never executed
branch  1 never executed
        -:  683:    {
    #####:  684:        drawCard(currentPlayer, state);
call    0 never executed
        -:  685:    }
        -:  686:    
        -:  687:    //+1 Buy
    #####:  688:    state->numBuys++;
        -:  689:    
        -:  690:    //Each other player draws a card
    #####:  691:    for (i = 0; i < state->numPlayers; i++)
branch  0 never executed
branch  1 never executed
        -:  692:    {
    #####:  693:        if ( i != currentPlayer )
branch  0 never executed
branch  1 never executed
        -:  694:        {
    #####:  695:            drawCard(i, state);
call    0 never executed
        -:  696:        }
        -:  697:    }
        -:  698:    
        -:  699:    //put played card in played card pile
    #####:  700:    discardCard(handPos, currentPlayer, state, 0);
call    0 never executed
        -:  701:    
    #####:  702:    return 0;
        -:  703:}
        -:  704:
        -:  705://                     //
        -:  706:// Smithy Function     //
        -:  707://                     //
        -:  708:
function smithy_card called 2000 returned 100% blocks executed 100%
     2000:  709: int smithy_card(struct gameState *state, int currentPlayer, int handPos)
        -:  710:{
        -:  711:    //+3 Cards
     2000:  712:    int i = 0;
        -:  713://for (i = 0; i < 3; i++)
     8000:  714:    for (i = 0; i < 3; i++)
branch  0 taken 75%
branch  1 taken 25% (fallthrough)
        -:  715:    {
     6000:  716:        drawCard(currentPlayer, state);
call    0 returned 100%
        -:  717:    }
        -:  718:    
        -:  719:    //discard card from hand
     2000:  720:    discardCard(handPos, currentPlayer, state, 0);
call    0 returned 100%
     2000:  721:    return 0;
        -:  722:}
        -:  723:
        -:  724://                     //
        -:  725:// Village Function    //
        -:  726://                     //
        -:  727:
function village_card called 0 returned 0% blocks executed 0%
    #####:  728:int village_card(struct gameState *state, int currentPlayer, int handPos)
        -:  729:{
        -:  730:    //+1 Card
        -:  731:    //drawCard(currentPlayer, state);
        -:  732:
        -:  733:    //+2 Actions
    #####:  734:    state->numActions = state->numActions + 0;
        -:  735:
        -:  736:    //discard played card from hand
    #####:  737:    discardCard(handPos, currentPlayer, state, 0);
call    0 never executed
    #####:  738:    return 0;
        -:  739:}
        -:  740:
        -:  741://                     //
        -:  742:// Great Hall Function //
        -:  743://                     //
        -:  744:
function great_hall_card called 0 returned 0% blocks executed 0%
    #####:  745:int great_hall_card(struct gameState *state, int currentPlayer, int handPos)
        -:  746:{
        -:  747:    //+1 Card
    #####:  748:    drawCard(currentPlayer, state);
call    0 never executed
        -:  749:    
        -:  750:    //+1 Actions
    #####:  751:    state->numActions--;
        -:  752:    
        -:  753:    //discard card from hand
    #####:  754:    discardCard(handPos, currentPlayer, state, 0);
call    0 never executed
    #####:  755:    return 0;
        -:  756:}
        -:  757:
function cardEffect called 0 returned 0% blocks executed 0%
    #####:  758:int cardEffect(int card, int choice1, int choice2, int choice3, struct gameState *state, int handPos, int *bonus)
        -:  759:{
        -:  760:  int i;
        -:  761:  int j;
        -:  762:  int k;
        -:  763:  int x;
        -:  764:  int index;
    #####:  765:  int currentPlayer = whoseTurn(state);
call    0 never executed
    #####:  766:  int nextPlayer = currentPlayer + 1;
        -:  767:
    #####:  768:  int tributeRevealedCards[2] = {-1, -1};
        -:  769:  int temphand[MAX_HAND];// moved above the if statement
    #####:  770:  int drawntreasure=0;
        -:  771:  int cardDrawn;
    #####:  772:  int z = 0;// this is the counter for the temp hand
    #####:  773:  if (nextPlayer > (state->numPlayers - 1)){
branch  0 never executed
branch  1 never executed
    #####:  774:    nextPlayer = 0;
        -:  775:  }
        -:  776:  
        -:  777:	
        -:  778:  //uses switch to select card and perform actions
    #####:  779:  switch( card ) 
branch  0 never executed
branch  1 never executed
branch  2 never executed
branch  3 never executed
branch  4 never executed
branch  5 never executed
branch  6 never executed
branch  7 never executed
branch  8 never executed
branch  9 never executed
branch 10 never executed
branch 11 never executed
branch 12 never executed
branch 13 never executed
branch 14 never executed
branch 15 never executed
branch 16 never executed
branch 17 never executed
branch 18 never executed
branch 19 never executed
branch 20 never executed
        -:  780:    {
        -:  781:    // adventurer_card function call
        -:  782:    case adventurer:
    #####:  783:        adventurer_card(state, currentPlayer, drawntreasure, cardDrawn, temphand, z);
call    0 never executed
    #####:  784:        return 0;
        -:  785:    // council_room_card function call
        -:  786:    case council_room:
    #####:  787:            council_room_card(state, currentPlayer, handPos);
call    0 never executed
    #####:  788:            return 0;
        -:  789:            
        -:  790:    case feast:
        -:  791:      //gain card with cost up to 5
        -:  792:      //Backup hand
    #####:  793:      for (i = 0; i <= state->handCount[currentPlayer]; i++){
branch  0 never executed
branch  1 never executed
    #####:  794:	temphand[i] = state->hand[currentPlayer][i];//Backup card
    #####:  795:	state->hand[currentPlayer][i] = -1;//Set to nothing
        -:  796:      }
        -:  797:      //Backup hand
        -:  798:
        -:  799:      //Update Coins for Buy
    #####:  800:      updateCoins(currentPlayer, state, 5);
call    0 never executed
    #####:  801:      x = 1;//Condition to loop on
    #####:  802:      while( x == 1) {//Buy one card
branch  0 never executed
branch  1 never executed
    #####:  803:	if (supplyCount(choice1, state) <= 0){
call    0 never executed
branch  1 never executed
branch  2 never executed
        -:  804:	  if (DEBUG)
        -:  805:	    printf("None of that card left, sorry!\n");
        -:  806:
        -:  807:	  if (DEBUG){
        -:  808:	    printf("Cards Left: %d\n", supplyCount(choice1, state));
        -:  809:	  }
        -:  810:	}
    #####:  811:	else if (state->coins < getCost(choice1)){
call    0 never executed
branch  1 never executed
branch  2 never executed
    #####:  812:	  printf("That card is too expensive!\n");
call    0 never executed
        -:  813:
        -:  814:	  if (DEBUG){
        -:  815:	    printf("Coins: %d < %d\n", state->coins, getCost(choice1));
        -:  816:	  }
        -:  817:	}
        -:  818:	else{
        -:  819:
        -:  820:	  if (DEBUG){
        -:  821:	    printf("Deck Count: %d\n", state->handCount[currentPlayer] + state->deckCount[currentPlayer] + state->discardCount[currentPlayer]);
        -:  822:	  }
        -:  823:
    #####:  824:	  gainCard(choice1, state, 0, currentPlayer);//Gain the card
call    0 never executed
    #####:  825:	  x = 0;//No more buying cards
        -:  826:
        -:  827:	  if (DEBUG){
        -:  828:	    printf("Deck Count: %d\n", state->handCount[currentPlayer] + state->deckCount[currentPlayer] + state->discardCount[currentPlayer]);
        -:  829:	  }
        -:  830:
        -:  831:	}
        -:  832:      }     
        -:  833:
        -:  834:      //Reset Hand
    #####:  835:      for (i = 0; i <= state->handCount[currentPlayer]; i++){
branch  0 never executed
branch  1 never executed
    #####:  836:	state->hand[currentPlayer][i] = temphand[i];
    #####:  837:	temphand[i] = -1;
        -:  838:      }
        -:  839:      //Reset Hand
        -:  840:      			
    #####:  841:      return 0;
        -:  842:			
        -:  843:    case gardens:
    #####:  844:      return -1;
        -:  845:			
        -:  846:    case mine:
    #####:  847:      j = state->hand[currentPlayer][choice1];  //store card we will trash
        -:  848:
    #####:  849:      if (state->hand[currentPlayer][choice1] < copper || state->hand[currentPlayer][choice1] > gold)
branch  0 never executed
branch  1 never executed
branch  2 never executed
branch  3 never executed
        -:  850:	{
    #####:  851:	  return -1;
        -:  852:	}
        -:  853:		
    #####:  854:      if (choice2 > treasure_map || choice2 < curse)
branch  0 never executed
branch  1 never executed
branch  2 never executed
branch  3 never executed
        -:  855:	{
    #####:  856:	  return -1;
        -:  857:	}
        -:  858:
    #####:  859:      if ( (getCost(state->hand[currentPlayer][choice1]) + 3) > getCost(choice2) )
call    0 never executed
call    1 never executed
branch  2 never executed
branch  3 never executed
        -:  860:	{
    #####:  861:	  return -1;
        -:  862:	}
        -:  863:
    #####:  864:      gainCard(choice2, state, 2, currentPlayer);
call    0 never executed
        -:  865:
        -:  866:      //discard card from hand
    #####:  867:      discardCard(handPos, currentPlayer, state, 0);
call    0 never executed
        -:  868:
        -:  869:      //discard trashed card
    #####:  870:      for (i = 0; i < state->handCount[currentPlayer]; i++)
branch  0 never executed
branch  1 never executed
        -:  871:	{
    #####:  872:	  if (state->hand[currentPlayer][i] == j)
branch  0 never executed
branch  1 never executed
        -:  873:	    {
    #####:  874:	      discardCard(i, currentPlayer, state, 0);			
call    0 never executed
    #####:  875:	      break;
        -:  876:	    }
        -:  877:	}
        -:  878:			
    #####:  879:      return 0;
        -:  880:			
        -:  881:    case remodel:
    #####:  882:      j = state->hand[currentPlayer][choice1];  //store card we will trash
        -:  883:
    #####:  884:      if ( (getCost(state->hand[currentPlayer][choice1]) + 2) > getCost(choice2) )
call    0 never executed
call    1 never executed
branch  2 never executed
branch  3 never executed
        -:  885:	{
    #####:  886:	  return -1;
        -:  887:	}
        -:  888:
    #####:  889:      gainCard(choice2, state, 0, currentPlayer);
call    0 never executed
        -:  890:
        -:  891:      //discard card from hand
    #####:  892:      discardCard(handPos, currentPlayer, state, 0);
call    0 never executed
        -:  893:
        -:  894:      //discard trashed card
    #####:  895:      for (i = 0; i < state->handCount[currentPlayer]; i++)
branch  0 never executed
branch  1 never executed
        -:  896:	{
    #####:  897:	  if (state->hand[currentPlayer][i] == j)
branch  0 never executed
branch  1 never executed
        -:  898:	    {
    #####:  899:	      discardCard(i, currentPlayer, state, 0);			
call    0 never executed
    #####:  900:	      break;
        -:  901:	    }
        -:  902:	}
        -:  903:
        -:  904:
    #####:  905:      return 0;
        -:  906:	// smithy_card function call
        -:  907:    case smithy:
    #####:  908:        smithy_card(state, currentPlayer, handPos);
call    0 never executed
    #####:  909:        return 0;
        -:  910:    // village_card function call
        -:  911:    case village:
    #####:  912:        village_card(state, currentPlayer, handPos);
call    0 never executed
    #####:  913:        return 0;
        -:  914:            
        -:  915:    case baron:
    #####:  916:      state->numBuys++;//Increase buys by 1!
    #####:  917:      if (choice1 > 0){//Boolean true or going to discard an estate
branch  0 never executed
branch  1 never executed
    #####:  918:	int p = 0;//Iterator for hand!
    #####:  919:	int card_not_discarded = 1;//Flag for discard set!
    #####:  920:	while(card_not_discarded){
branch  0 never executed
branch  1 never executed
    #####:  921:	  if (state->hand[currentPlayer][p] == estate){//Found an estate card!
branch  0 never executed
branch  1 never executed
    #####:  922:	    state->coins += 4;//Add 4 coins to the amount of coins
    #####:  923:	    state->discard[currentPlayer][state->discardCount[currentPlayer]] = state->hand[currentPlayer][p];
    #####:  924:	    state->discardCount[currentPlayer]++;
    #####:  925:	    for (;p < state->handCount[currentPlayer]; p++){
branch  0 never executed
branch  1 never executed
    #####:  926:	      state->hand[currentPlayer][p] = state->hand[currentPlayer][p+1];
        -:  927:	    }
    #####:  928:	    state->hand[currentPlayer][state->handCount[currentPlayer]] = -1;
    #####:  929:	    state->handCount[currentPlayer]--;
    #####:  930:	    card_not_discarded = 0;//Exit the loop
        -:  931:	  }
    #####:  932:	  else if (p > state->handCount[currentPlayer]){
branch  0 never executed
branch  1 never executed
        -:  933:	    if(DEBUG) {
        -:  934:	      printf("No estate cards in your hand, invalid choice\n");
        -:  935:	      printf("Must gain an estate if there are any\n");
        -:  936:	    }
    #####:  937:	    if (supplyCount(estate, state) > 0){
call    0 never executed
branch  1 never executed
branch  2 never executed
    #####:  938:	      gainCard(estate, state, 0, currentPlayer);
call    0 never executed
    #####:  939:	      state->supplyCount[estate]--;//Decrement estates
    #####:  940:	      if (supplyCount(estate, state) == 0){
call    0 never executed
branch  1 never executed
branch  2 never executed
    #####:  941:		isGameOver(state);
call    0 never executed
        -:  942:	      }
        -:  943:	    }
    #####:  944:	    card_not_discarded = 0;//Exit the loop
        -:  945:	  }
        -:  946:			    
        -:  947:	  else{
    #####:  948:	    p++;//Next card
        -:  949:	  }
        -:  950:	}
        -:  951:      }
        -:  952:			    
        -:  953:      else{
    #####:  954:	if (supplyCount(estate, state) > 0){
call    0 never executed
branch  1 never executed
branch  2 never executed
    #####:  955:	  gainCard(estate, state, 0, currentPlayer);//Gain an estate
call    0 never executed
    #####:  956:	  state->supplyCount[estate]--;//Decrement Estates
    #####:  957:	  if (supplyCount(estate, state) == 0){
call    0 never executed
branch  1 never executed
branch  2 never executed
    #####:  958:	    isGameOver(state);
call    0 never executed
        -:  959:	  }
        -:  960:	}
        -:  961:      }
        -:  962:	    
        -:  963:      
    #####:  964:      return 0;
        -:  965:    // great_hall_card function call
        -:  966:    case great_hall:
    #####:  967:            great_hall_card(state, currentPlayer, handPos);
call    0 never executed
    #####:  968:            return 0;
        -:  969:		
        -:  970:    case minion:
        -:  971:      //+1 action
    #####:  972:      state->numActions++;
        -:  973:			
        -:  974:      //discard card from hand
    #####:  975:      discardCard(handPos, currentPlayer, state, 0);
call    0 never executed
        -:  976:			
    #####:  977:      if (choice1)		//+2 coins
branch  0 never executed
branch  1 never executed
        -:  978:	{
    #####:  979:	  state->coins = state->coins + 2;
        -:  980:	}
        -:  981:			
    #####:  982:      else if (choice2)		//discard hand, redraw 4, other players with 5+ cards discard hand and draw 4
branch  0 never executed
branch  1 never executed
        -:  983:	{
        -:  984:	  //discard hand
    #####:  985:	  while(numHandCards(state) > 0)
call    0 never executed
branch  1 never executed
branch  2 never executed
        -:  986:	    {
    #####:  987:	      discardCard(handPos, currentPlayer, state, 0);
call    0 never executed
        -:  988:	    }
        -:  989:				
        -:  990:	  //draw 4
    #####:  991:	  for (i = 0; i < 4; i++)
branch  0 never executed
branch  1 never executed
        -:  992:	    {
    #####:  993:	      drawCard(currentPlayer, state);
call    0 never executed
        -:  994:	    }
        -:  995:				
        -:  996:	  //other players discard hand and redraw if hand size > 4
    #####:  997:	  for (i = 0; i < state->numPlayers; i++)
branch  0 never executed
branch  1 never executed
        -:  998:	    {
    #####:  999:	      if (i != currentPlayer)
branch  0 never executed
branch  1 never executed
        -: 1000:		{
    #####: 1001:		  if ( state->handCount[i] > 4 )
branch  0 never executed
branch  1 never executed
        -: 1002:		    {
        -: 1003:		      //discard hand
    #####: 1004:		      while( state->handCount[i] > 0 )
branch  0 never executed
branch  1 never executed
        -: 1005:			{
    #####: 1006:			  discardCard(handPos, i, state, 0);
call    0 never executed
        -: 1007:			}
        -: 1008:							
        -: 1009:		      //draw 4
    #####: 1010:		      for (j = 0; j < 4; j++)
branch  0 never executed
branch  1 never executed
        -: 1011:			{
    #####: 1012:			  drawCard(i, state);
call    0 never executed
        -: 1013:			}
        -: 1014:		    }
        -: 1015:		}
        -: 1016:	    }
        -: 1017:				
        -: 1018:	}
    #####: 1019:      return 0;
        -: 1020:		
        -: 1021:    case steward:
    #####: 1022:      if (choice1 == 1)
branch  0 never executed
branch  1 never executed
        -: 1023:	{
        -: 1024:	  //+2 cards
    #####: 1025:	  drawCard(currentPlayer, state);
call    0 never executed
    #####: 1026:	  drawCard(currentPlayer, state);
call    0 never executed
        -: 1027:	}
    #####: 1028:      else if (choice1 == 2)
branch  0 never executed
branch  1 never executed
        -: 1029:	{
        -: 1030:	  //+2 coins
    #####: 1031:	  state->coins = state->coins + 2;
        -: 1032:	}
        -: 1033:      else
        -: 1034:	{
        -: 1035:	  //trash 2 cards in hand
    #####: 1036:	  discardCard(choice2, currentPlayer, state, 1);
call    0 never executed
    #####: 1037:	  discardCard(choice3, currentPlayer, state, 1);
call    0 never executed
        -: 1038:	}
        -: 1039:			
        -: 1040:      //discard card from hand
    #####: 1041:      discardCard(handPos, currentPlayer, state, 0);
call    0 never executed
    #####: 1042:      return 0;
        -: 1043:		
        -: 1044:    case tribute:
    #####: 1045:      if ((state->discardCount[nextPlayer] + state->deckCount[nextPlayer]) <= 1){
branch  0 never executed
branch  1 never executed
    #####: 1046:	if (state->deckCount[nextPlayer] > 0){
branch  0 never executed
branch  1 never executed
    #####: 1047:	  tributeRevealedCards[0] = state->deck[nextPlayer][state->deckCount[nextPlayer]-1];
    #####: 1048:	  state->deckCount[nextPlayer]--;
        -: 1049:	}
    #####: 1050:	else if (state->discardCount[nextPlayer] > 0){
branch  0 never executed
branch  1 never executed
    #####: 1051:	  tributeRevealedCards[0] = state->discard[nextPlayer][state->discardCount[nextPlayer]-1];
    #####: 1052:	  state->discardCount[nextPlayer]--;
        -: 1053:	}
        -: 1054:	else{
        -: 1055:	  //No Card to Reveal
        -: 1056:	  if (DEBUG){
        -: 1057:	    printf("No cards to reveal\n");
        -: 1058:	  }
        -: 1059:	}
        -: 1060:      }
        -: 1061:	    
        -: 1062:      else{
    #####: 1063:	if (state->deckCount[nextPlayer] == 0){
branch  0 never executed
branch  1 never executed
    #####: 1064:	  for (i = 0; i < state->discardCount[nextPlayer]; i++){
branch  0 never executed
branch  1 never executed
    #####: 1065:	    state->deck[nextPlayer][i] = state->discard[nextPlayer][i];//Move to deck
    #####: 1066:	    state->deckCount[nextPlayer]++;
    #####: 1067:	    state->discard[nextPlayer][i] = -1;
    #####: 1068:	    state->discardCount[nextPlayer]--;
        -: 1069:	  }
        -: 1070:			    
    #####: 1071:	  shuffle(nextPlayer,state);//Shuffle the deck
call    0 never executed
        -: 1072:	} 
    #####: 1073:	tributeRevealedCards[0] = state->deck[nextPlayer][state->deckCount[nextPlayer]-1];
    #####: 1074:	state->deck[nextPlayer][state->deckCount[nextPlayer]--] = -1;
    #####: 1075:	state->deckCount[nextPlayer]--;
    #####: 1076:	tributeRevealedCards[1] = state->deck[nextPlayer][state->deckCount[nextPlayer]-1];
    #####: 1077:	state->deck[nextPlayer][state->deckCount[nextPlayer]--] = -1;
    #####: 1078:	state->deckCount[nextPlayer]--;
        -: 1079:      }    
        -: 1080:		       
    #####: 1081:      if (tributeRevealedCards[0] == tributeRevealedCards[1]){//If we have a duplicate card, just drop one 
branch  0 never executed
branch  1 never executed
    #####: 1082:	state->playedCards[state->playedCardCount] = tributeRevealedCards[1];
    #####: 1083:	state->playedCardCount++;
    #####: 1084:	tributeRevealedCards[1] = -1;
        -: 1085:      }
        -: 1086:
    #####: 1087:      for (i = 0; i <= 2; i ++){
branch  0 never executed
branch  1 never executed
    #####: 1088:	if (tributeRevealedCards[i] == copper || tributeRevealedCards[i] == silver || tributeRevealedCards[i] == gold){//Treasure cards
branch  0 never executed
branch  1 never executed
branch  2 never executed
branch  3 never executed
branch  4 never executed
branch  5 never executed
    #####: 1089:	  state->coins += 2;
        -: 1090:	}
        -: 1091:		    
    #####: 1092:	else if (tributeRevealedCards[i] == estate || tributeRevealedCards[i] == duchy || tributeRevealedCards[i] == province || tributeRevealedCards[i] == gardens || tributeRevealedCards[i] == great_hall){//Victory Card Found
branch  0 never executed
branch  1 never executed
branch  2 never executed
branch  3 never executed
branch  4 never executed
branch  5 never executed
branch  6 never executed
branch  7 never executed
branch  8 never executed
branch  9 never executed
    #####: 1093:	  drawCard(currentPlayer, state);
call    0 never executed
    #####: 1094:	  drawCard(currentPlayer, state);
call    0 never executed
        -: 1095:	}
        -: 1096:	else{//Action Card
    #####: 1097:	  state->numActions = state->numActions + 2;
        -: 1098:	}
        -: 1099:      }
        -: 1100:	    
    #####: 1101:      return 0;
        -: 1102:		
        -: 1103:    case ambassador:
    #####: 1104:      j = 0;		//used to check if player has enough cards to discard
        -: 1105:
    #####: 1106:      if (choice2 > 2 || choice2 < 0)
branch  0 never executed
branch  1 never executed
branch  2 never executed
branch  3 never executed
        -: 1107:	{
    #####: 1108:	  return -1;				
        -: 1109:	}
        -: 1110:
    #####: 1111:      if (choice1 == handPos)
branch  0 never executed
branch  1 never executed
        -: 1112:	{
    #####: 1113:	  return -1;
        -: 1114:	}
        -: 1115:
    #####: 1116:      for (i = 0; i < state->handCount[currentPlayer]; i++)
branch  0 never executed
branch  1 never executed
        -: 1117:	{
    #####: 1118:	  if (i != handPos && i == state->hand[currentPlayer][choice1] && i != choice1)
branch  0 never executed
branch  1 never executed
branch  2 never executed
branch  3 never executed
branch  4 never executed
branch  5 never executed
        -: 1119:	    {
    #####: 1120:	      j++;
        -: 1121:	    }
        -: 1122:	}
    #####: 1123:      if (j < choice2)
branch  0 never executed
branch  1 never executed
        -: 1124:	{
    #####: 1125:	  return -1;				
        -: 1126:	}
        -: 1127:
        -: 1128:      if (DEBUG) 
        -: 1129:	printf("Player %d reveals card number: %d\n", currentPlayer, state->hand[currentPlayer][choice1]);
        -: 1130:
        -: 1131:      //increase supply count for choosen card by amount being discarded
    #####: 1132:      state->supplyCount[state->hand[currentPlayer][choice1]] += choice2;
        -: 1133:			
        -: 1134:      //each other player gains a copy of revealed card
    #####: 1135:      for (i = 0; i < state->numPlayers; i++)
branch  0 never executed
branch  1 never executed
        -: 1136:	{
    #####: 1137:	  if (i != currentPlayer)
branch  0 never executed
branch  1 never executed
        -: 1138:	    {
    #####: 1139:	      gainCard(state->hand[currentPlayer][choice1], state, 0, i);
call    0 never executed
        -: 1140:	    }
        -: 1141:	}
        -: 1142:
        -: 1143:      //discard played card from hand
    #####: 1144:      discardCard(handPos, currentPlayer, state, 0);			
call    0 never executed
        -: 1145:
        -: 1146:      //trash copies of cards returned to supply
    #####: 1147:      for (j = 0; j < choice2; j++)
branch  0 never executed
branch  1 never executed
        -: 1148:	{
    #####: 1149:	  for (i = 0; i < state->handCount[currentPlayer]; i++)
branch  0 never executed
branch  1 never executed
        -: 1150:	    {
    #####: 1151:	      if (state->hand[currentPlayer][i] == state->hand[currentPlayer][choice1])
branch  0 never executed
branch  1 never executed
        -: 1152:		{
    #####: 1153:		  discardCard(i, currentPlayer, state, 1);
call    0 never executed
    #####: 1154:		  break;
        -: 1155:		}
        -: 1156:	    }
        -: 1157:	}			
        -: 1158:
    #####: 1159:      return 0;
        -: 1160:		
        -: 1161:    case cutpurse:
        -: 1162:
    #####: 1163:      updateCoins(currentPlayer, state, 2);
call    0 never executed
    #####: 1164:      for (i = 0; i < state->numPlayers; i++)
branch  0 never executed
branch  1 never executed
        -: 1165:	{
    #####: 1166:	  if (i != currentPlayer)
branch  0 never executed
branch  1 never executed
        -: 1167:	    {
    #####: 1168:	      for (j = 0; j < state->handCount[i]; j++)
branch  0 never executed
branch  1 never executed
        -: 1169:		{
    #####: 1170:		  if (state->hand[i][j] == copper)
branch  0 never executed
branch  1 never executed
        -: 1171:		    {
    #####: 1172:		      discardCard(j, i, state, 0);
call    0 never executed
    #####: 1173:		      break;
        -: 1174:		    }
    #####: 1175:		  if (j == state->handCount[i])
branch  0 never executed
branch  1 never executed
        -: 1176:		    {
    #####: 1177:		      for (k = 0; k < state->handCount[i]; k++)
branch  0 never executed
branch  1 never executed
        -: 1178:			{
        -: 1179:			  if (DEBUG)
        -: 1180:			    printf("Player %d reveals card number %d\n", i, state->hand[i][k]);
        -: 1181:			}	
    #####: 1182:		      break;
        -: 1183:		    }		
        -: 1184:		}
        -: 1185:					
        -: 1186:	    }
        -: 1187:				
        -: 1188:	}				
        -: 1189:
        -: 1190:      //discard played card from hand
    #####: 1191:      discardCard(handPos, currentPlayer, state, 0);			
call    0 never executed
        -: 1192:
    #####: 1193:      return 0;
        -: 1194:
        -: 1195:		
        -: 1196:    case embargo: 
        -: 1197:      //+2 Coins
    #####: 1198:      state->coins = state->coins + 2;
        -: 1199:			
        -: 1200:      //see if selected pile is in play
    #####: 1201:      if ( state->supplyCount[choice1] == -1 )
branch  0 never executed
branch  1 never executed
        -: 1202:	{
    #####: 1203:	  return -1;
        -: 1204:	}
        -: 1205:			
        -: 1206:      //add embargo token to selected supply pile
    #####: 1207:      state->embargoTokens[choice1]++;
        -: 1208:			
        -: 1209:      //trash card
    #####: 1210:      discardCard(handPos, currentPlayer, state, 1);		
call    0 never executed
    #####: 1211:      return 0;
        -: 1212:		
        -: 1213:    case outpost:
        -: 1214:      //set outpost flag
    #####: 1215:      state->outpostPlayed++;
        -: 1216:			
        -: 1217:      //discard card
    #####: 1218:      discardCard(handPos, currentPlayer, state, 0);
call    0 never executed
    #####: 1219:      return 0;
        -: 1220:		
        -: 1221:    case salvager:
        -: 1222:      //+1 buy
    #####: 1223:      state->numBuys++;
        -: 1224:			
    #####: 1225:      if (choice1)
branch  0 never executed
branch  1 never executed
        -: 1226:	{
        -: 1227:	  //gain coins equal to trashed card
    #####: 1228:	  state->coins = state->coins + getCost( handCard(choice1, state) );
call    0 never executed
call    1 never executed
        -: 1229:	  //trash card
    #####: 1230:	  discardCard(choice1, currentPlayer, state, 1);	
call    0 never executed
        -: 1231:	}
        -: 1232:			
        -: 1233:      //discard card
    #####: 1234:      discardCard(handPos, currentPlayer, state, 0);
call    0 never executed
    #####: 1235:      return 0;
        -: 1236:		
        -: 1237:    case sea_hag:
    #####: 1238:      for (i = 0; i < state->numPlayers; i++){
branch  0 never executed
branch  1 never executed
    #####: 1239:	if (i != currentPlayer){
branch  0 never executed
branch  1 never executed
    #####: 1240:	  state->discard[i][state->discardCount[i]] = state->deck[i][state->deckCount[i]--];			    state->deckCount[i]--;
    #####: 1241:	  state->discardCount[i]++;
    #####: 1242:	  state->deck[i][state->deckCount[i]--] = curse;//Top card now a curse
        -: 1243:	}
        -: 1244:      }
    #####: 1245:      return 0;
        -: 1246:		
        -: 1247:    case treasure_map:
        -: 1248:      //search hand for another treasure_map
    #####: 1249:      index = -1;
    #####: 1250:      for (i = 0; i < state->handCount[currentPlayer]; i++)
branch  0 never executed
branch  1 never executed
        -: 1251:	{
    #####: 1252:	  if (state->hand[currentPlayer][i] == treasure_map && i != handPos)
branch  0 never executed
branch  1 never executed
branch  2 never executed
branch  3 never executed
        -: 1253:	    {
    #####: 1254:	      index = i;
    #####: 1255:	      break;
        -: 1256:	    }
        -: 1257:	}
    #####: 1258:      if (index > -1)
branch  0 never executed
branch  1 never executed
        -: 1259:	{
        -: 1260:	  //trash both treasure cards
    #####: 1261:	  discardCard(handPos, currentPlayer, state, 1);
call    0 never executed
    #####: 1262:	  discardCard(index, currentPlayer, state, 1);
call    0 never executed
        -: 1263:
        -: 1264:	  //gain 4 Gold cards
    #####: 1265:	  for (i = 0; i < 4; i++)
branch  0 never executed
branch  1 never executed
        -: 1266:	    {
    #####: 1267:	      gainCard(gold, state, 1, currentPlayer);
call    0 never executed
        -: 1268:	    }
        -: 1269:				
        -: 1270:	  //return success
    #####: 1271:	  return 1;
        -: 1272:	}
        -: 1273:			
        -: 1274:      //no second treasure_map found in hand
    #####: 1275:      return -1;
        -: 1276:    }
        -: 1277:	
    #####: 1278:  return -1;
        -: 1279:}
        -: 1280:
function discardCard called 2000 returned 100% blocks executed 78%
     2000: 1281:int discardCard(int handPos, int currentPlayer, struct gameState *state, int trashFlag)
        -: 1282:{
        -: 1283:	
        -: 1284:  //if card is not trashed, added to Played pile 
     2000: 1285:  if (trashFlag < 1)
branch  0 taken 100% (fallthrough)
branch  1 taken 0%
        -: 1286:    {
        -: 1287:      //add card to played pile
     2000: 1288:      state->playedCards[state->playedCardCount] = state->hand[currentPlayer][handPos]; 
     2000: 1289:      state->playedCardCount++;
        -: 1290:    }
        -: 1291:	
        -: 1292:  //set played card to -1
     2000: 1293:  state->hand[currentPlayer][handPos] = -1;
        -: 1294:	
        -: 1295:  //remove card from player's hand
     2000: 1296:  if ( handPos == (state->handCount[currentPlayer] - 1) ) 	//last card in hand array is played
branch  0 taken 0% (fallthrough)
branch  1 taken 100%
        -: 1297:    {
        -: 1298:      //reduce number of cards in hand
    #####: 1299:      state->handCount[currentPlayer]--;
        -: 1300:    }
     2000: 1301:  else if ( state->handCount[currentPlayer] == 1 ) //only one card in hand
branch  0 taken 0% (fallthrough)
branch  1 taken 100%
        -: 1302:    {
        -: 1303:      //reduce number of cards in hand
    #####: 1304:      state->handCount[currentPlayer]--;
        -: 1305:    }
        -: 1306:  else 	
        -: 1307:    {
        -: 1308:      //replace discarded card with last card in hand
     2000: 1309:      state->hand[currentPlayer][handPos] = state->hand[currentPlayer][ (state->handCount[currentPlayer] - 1)];
        -: 1310:      //set last card to -1
     2000: 1311:      state->hand[currentPlayer][state->handCount[currentPlayer] - 1] = -1;
        -: 1312:      //reduce number of cards in hand
     2000: 1313:      state->handCount[currentPlayer]--;
        -: 1314:    }
        -: 1315:	
     2000: 1316:  return 0;
        -: 1317:}
        -: 1318:
function gainCard called 0 returned 0% blocks executed 0%
    #####: 1319:int gainCard(int supplyPos, struct gameState *state, int toFlag, int player)
        -: 1320:{
        -: 1321:  //Note: supplyPos is enum of choosen card
        -: 1322:	
        -: 1323:  //check if supply pile is empty (0) or card is not used in game (-1)
    #####: 1324:  if ( supplyCount(supplyPos, state) < 1 )
call    0 never executed
branch  1 never executed
branch  2 never executed
        -: 1325:    {
    #####: 1326:      return -1;
        -: 1327:    }
        -: 1328:	
        -: 1329:  //added card for [whoseTurn] current player:
        -: 1330:  // toFlag = 0 : add to discard
        -: 1331:  // toFlag = 1 : add to deck
        -: 1332:  // toFlag = 2 : add to hand
        -: 1333:
    #####: 1334:  if (toFlag == 1)
branch  0 never executed
branch  1 never executed
        -: 1335:    {
    #####: 1336:      state->deck[ player ][ state->deckCount[player] ] = supplyPos;
    #####: 1337:      state->deckCount[player]++;
        -: 1338:    }
    #####: 1339:  else if (toFlag == 2)
branch  0 never executed
branch  1 never executed
        -: 1340:    {
    #####: 1341:      state->hand[ player ][ state->handCount[player] ] = supplyPos;
    #####: 1342:      state->handCount[player]++;
        -: 1343:    }
        -: 1344:  else
        -: 1345:    {
    #####: 1346:      state->discard[player][ state->discardCount[player] ] = supplyPos;
    #####: 1347:      state->discardCount[player]++;
        -: 1348:    }
        -: 1349:	
        -: 1350:  //decrease number in supply pile
    #####: 1351:  state->supplyCount[supplyPos]--;
        -: 1352:	 
    #####: 1353:  return 0;
        -: 1354:}
        -: 1355:
function updateCoins called 3000 returned 100% blocks executed 82%
     3000: 1356:int updateCoins(int player, struct gameState *state, int bonus)
        -: 1357:{
        -: 1358:  int i;
        -: 1359:	
        -: 1360:  //reset coin count
     3000: 1361:  state->coins = 0;
        -: 1362:
        -: 1363:  //add coins for each Treasure card in player's hand
    18000: 1364:  for (i = 0; i < state->handCount[player]; i++)
branch  0 taken 83%
branch  1 taken 17% (fallthrough)
        -: 1365:    {
    15000: 1366:      if (state->hand[player][i] == copper)
branch  0 taken 78% (fallthrough)
branch  1 taken 22%
        -: 1367:	{
    11678: 1368:	  state->coins += 1;
        -: 1369:	}
     3322: 1370:      else if (state->hand[player][i] == silver)
branch  0 taken 0% (fallthrough)
branch  1 taken 100%
        -: 1371:	{
    #####: 1372:	  state->coins += 2;
        -: 1373:	}
     3322: 1374:      else if (state->hand[player][i] == gold)
branch  0 taken 0% (fallthrough)
branch  1 taken 100%
        -: 1375:	{
    #####: 1376:	  state->coins += 3;
        -: 1377:	}	
        -: 1378:    }	
        -: 1379:
        -: 1380:  //add bonus
     3000: 1381:  state->coins += bonus;
        -: 1382:
     3000: 1383:  return 0;
        -: 1384:}
        -: 1385:
        -: 1386:
        -: 1387://end of dominion.c
        -: 1388:
